[22:44:48] [Server thread/INFO]: Starting minecraft server version 1.8.3
[22:44:48] [Server thread/INFO]: Loading properties
[22:44:48] [Server thread/INFO]: Default game type: CREATIVE
[22:44:48] [Server thread/INFO]: Generating keypair
[22:44:48] [Server thread/INFO]: Starting Minecraft server on *:25565
[22:44:48] [Server thread/INFO]: Using default channel type
[22:44:48] [Server thread/INFO]: This server is running CraftBukkit version git-Bukkit-7722428 (MC: 1.8.3) (Implementing API version 1.8.3-R0.1-SNAPSHOT)
[22:44:48] [Server thread/INFO]: [mc_plugin] Loading mc_plugin v0.0.1-SNAPSHOT
[22:44:48] [Server thread/WARN]: **** SERVER IS RUNNING IN OFFLINE/INSECURE MODE!
[22:44:48] [Server thread/WARN]: The server will make no attempt to authenticate usernames. Beware.
[22:44:48] [Server thread/WARN]: While this makes the game possible to play without internet access, it also opens up the ability for hackers to connect with any username they choose.
[22:44:48] [Server thread/WARN]: To change this, set "online-mode" to "true" in the server.properties file.
[22:44:48] [Server thread/INFO]: Preparing level "DevTest"
[22:44:48] [Server thread/INFO]: Preparing start region for level 0 (Seed: -4315969855910808567)
[22:44:49] [Server thread/INFO]: Preparing spawn area: 69%
[22:44:50] [Server thread/INFO]: Preparing start region for level 1 (Seed: 8469548757998151774)
[22:44:50] [Server thread/INFO]: Preparing start region for level 2 (Seed: 8469548757998151774)
[22:44:51] [Server thread/INFO]: [mc_plugin] Enabling mc_plugin v0.0.1-SNAPSHOT
[22:44:51] [MLog-Init-Reporter/INFO]: MLog clients using java 1.4+ standard logging.
[22:44:51] [Server thread/INFO]: Initializing c3p0-0.9.5 [built 02-January-2015 13:25:04 -0500; debug? true; trace: 10]
[22:44:51] [Server thread/INFO]: Initializing c3p0 pool... com.mchange.v2.c3p0.ComboPooledDataSource [ acquireIncrement -> 5, acquireRetryAttempts -> 30, acquireRetryDelay -> 1000, autoCommitOnClose -> false, automaticTestTable -> null, breakAfterAcquireFailure -> false, checkoutTimeout -> 0, connectionCustomizerClassName -> null, connectionTesterClassName -> com.mchange.v2.c3p0.impl.DefaultConnectionTester, contextClassLoaderSource -> caller, dataSourceName -> 1hge30o9915xi0w71nhwnkg|401a8ee9, debugUnreturnedConnectionStackTraces -> false, description -> null, driverClass -> org.sqlite.JDBC, extensions -> {}, factoryClassLocation -> null, forceIgnoreUnresolvedTransactions -> false, forceUseNamedDriverClass -> false, identityToken -> 1hge30o9915xi0w71nhwnkg|401a8ee9, idleConnectionTestPeriod -> 0, initialPoolSize -> 5, jdbcUrl -> jdbc:sqlite:../data/database.sqlite, maxAdministrativeTaskTime -> 0, maxConnectionAge -> 0, maxIdleTime -> 0, maxIdleTimeExcessConnections -> 0, maxPoolSize -> 50, maxStatements -> 10, maxStatementsPerConnection -> 0, minPoolSize -> 5, numHelperThreads -> 3, preferredTestQuery -> null, privilegeSpawnedThreads -> false, properties -> {}, propertyCycle -> 0, statementCacheNumDeferredCloseThreads -> 0, testConnectionOnCheckin -> false, testConnectionOnCheckout -> false, unreturnedConnectionTimeout -> 0, userOverrides -> {}, usesTraditionalReflectiveProxies -> false ]
[22:44:51] [Thread-11/INFO]: Running UpdateMaterials...
[22:44:51] [Server thread/INFO]: Server permissions file permissions.yml is empty, ignoring it
[22:44:51] [Server thread/INFO]: Done (2,449s)! For help, type "help" or "?"
[22:45:01] [Thread-11/INFO]: Running MoveToPoolOfDreams...
[22:45:11] [Thread-11/INFO]: Running UpdateMaterials...
[22:45:21] [Thread-11/INFO]: Running MoveToPoolOfDreams...
[22:45:31] [Thread-11/INFO]: Running UpdateMaterials...
[22:45:41] [Thread-11/INFO]: Running MoveToPoolOfDreams...
[22:45:51] [Thread-11/INFO]: Running UpdateMaterials...
[22:46:01] [Thread-11/INFO]: Running MoveToPoolOfDreams...
[22:46:11] [Thread-11/INFO]: Running UpdateMaterials...
[22:46:21] [Thread-11/INFO]: Running MoveToPoolOfDreams...
[22:46:31] [Thread-11/INFO]: Running UpdateMaterials...
[22:46:41] [Thread-11/INFO]: Running MoveToPoolOfDreams...
[22:46:51] [Thread-11/INFO]: Running UpdateMaterials...
[22:47:01] [Thread-11/INFO]: Running MoveToPoolOfDreams...
[22:47:11] [Thread-11/INFO]: Running UpdateMaterials...
[22:47:21] [Thread-11/INFO]: Running MoveToPoolOfDreams...
[22:47:31] [Thread-11/INFO]: Running UpdateMaterials...
[22:47:41] [Thread-11/INFO]: Running MoveToPoolOfDreams...
[22:47:51] [Thread-11/INFO]: Running UpdateMaterials...
[22:48:01] [Thread-11/INFO]: Running MoveToPoolOfDreams...
[22:48:11] [Thread-11/INFO]: Running UpdateMaterials...
[22:48:21] [Thread-11/INFO]: Running MoveToPoolOfDreams...
[22:48:31] [Thread-11/INFO]: Running UpdateMaterials...
[22:48:41] [Thread-11/INFO]: Running MoveToPoolOfDreams...
[22:48:51] [Thread-11/INFO]: Running UpdateMaterials...
[22:48:59] [Server thread/INFO]: Updating resources for player bejbejpomp
[22:48:59] [Server thread/INFO]: Adding [] to player bejbejpomp
[22:48:59] [Server thread/INFO]: Updating resources for player bejbejpomp
[22:48:59] [Server thread/INFO]: Adding [Wood, Wood, Wood, Wood, Wood, Wood, Wood, Wood, Wood, Wood] to player bejbejpomp
[22:48:59] [Server thread/INFO]: bejbejpomp[/192.168.10.156:59419] logged in with entity id 65 at ([DevTest]5.5, 64.0, -8.5)
[22:49:00] [Server thread/ERROR]: Encountered an unexpected exception
java.lang.Error: 

There is an incompatible JNA native library installed on this system.
To resolve this issue you may do one of the following:
 - remove or uninstall the offending library
 - set the system property jna.nosys=true
 - set jna.boot.library.path to include the path to the version of the 
   jnidispatch library included with the JNA jar file you are using

	at com.sun.jna.Native.<clinit>(Native.java:142) ~[craftbukkit.jar:git-Bukkit-7722428]
	at com.sun.jna.Pointer.<clinit>(Pointer.java:42) ~[craftbukkit.jar:git-Bukkit-7722428]
	at com.sun.jna.platform.win32.WinReg$HKEY.<init>(WinReg.java:32) ~[craftbukkit.jar:git-Bukkit-7722428]
	at com.sun.jna.platform.win32.WinReg.<clinit>(WinReg.java:61) ~[craftbukkit.jar:git-Bukkit-7722428]
	at oshi.software.os.windows.WindowsHardwareAbstractionLayer.getProcessors(WindowsHardwareAbstractionLayer.java:33) ~[craftbukkit.jar:git-Bukkit-7722428]
	at net.minecraft.server.v1_8_R2.SystemUtils.<clinit>(SourceFile:16) ~[craftbukkit.jar:git-Bukkit-7722428]
	at net.minecraft.server.v1_8_R2.MinecraftServer.A(MinecraftServer.java:670) ~[craftbukkit.jar:git-Bukkit-7722428]
	at net.minecraft.server.v1_8_R2.DedicatedServer.A(DedicatedServer.java:336) ~[craftbukkit.jar:git-Bukkit-7722428]
	at net.minecraft.server.v1_8_R2.MinecraftServer.z(MinecraftServer.java:626) ~[craftbukkit.jar:git-Bukkit-7722428]
	at net.minecraft.server.v1_8_R2.MinecraftServer.run(MinecraftServer.java:534) [craftbukkit.jar:git-Bukkit-7722428]
	at java.lang.Thread.run(Unknown Source) [?:1.8.0_11]
[22:49:00] [Server thread/ERROR]: This crash report has been saved to: C:\Users\Daniel\Desktop\mainpiserver\mcserver\.\crash-reports\crash-2015-05-27_22.49.00-server.txt
[22:49:00] [Server thread/INFO]: Stopping server
[22:49:00] [Server thread/INFO]: [mc_plugin] Disabling mc_plugin v0.0.1-SNAPSHOT
[22:49:00] [Server thread/WARN]: java.lang.InterruptedException
[22:49:00] [Server thread/WARN]: 	at java.lang.Object.wait(Native Method)
[22:49:00] [Server thread/WARN]: 	at java.lang.Thread.join(Unknown Source)
[22:49:00] [Server thread/WARN]: 	at java.lang.Thread.join(Unknown Source)
[22:49:00] [Server thread/WARN]: 	at com.wiredlife.mcplugin.PluginInitializer.onDisable(PluginInitializer.java:41)
[22:49:00] [Server thread/WARN]: 	at org.bukkit.plugin.java.JavaPlugin.setEnabled(JavaPlugin.java:323)
[22:49:00] [Server thread/WARN]: 	at org.bukkit.plugin.java.JavaPluginLoader.disablePlugin(JavaPluginLoader.java:351)
[22:49:00] [Server thread/WARN]: 	at org.bukkit.plugin.SimplePluginManager.disablePlugin(SimplePluginManager.java:423)
[22:49:00] [Server thread/WARN]: 	at org.bukkit.plugin.SimplePluginManager.disablePlugins(SimplePluginManager.java:416)
[22:49:00] [Server thread/WARN]: 	at org.bukkit.craftbukkit.v1_8_R2.CraftServer.disablePlugins(CraftServer.java:329)
[22:49:00] [Server thread/WARN]: 	at net.minecraft.server.v1_8_R2.MinecraftServer.stop(MinecraftServer.java:450)
[22:49:00] [Server thread/WARN]: 	at net.minecraft.server.v1_8_R2.MinecraftServer.run(MinecraftServer.java:566)
[22:49:00] [Server thread/WARN]: 	at java.lang.Thread.run(Unknown Source)
[22:49:00] [Server thread/INFO]: Saving players
[22:49:00] [Server thread/INFO]: bejbejpomp lost connection: Server closed
[22:49:00] [Server thread/INFO]: bejbejpomp left the game.
[22:49:00] [Server thread/INFO]: Saving worlds
[22:49:00] [Server thread/INFO]: Saving chunks for level 'DevTest'/Overworld
[22:49:01] [Server thread/INFO]: Saving chunks for level 'DevTest_nether'/Nether
[22:49:01] [Server thread/INFO]: Saving chunks for level 'DevTest_the_end'/The End
